<?xml version="1.0" encoding="UTF-8"?>
<!-- Generated by org.testng.reporters.JUnitReportReporter -->
<testsuite hostname="ICPL11957" name="demo.demo1.Demo1" tests="1" failures="0" timestamp="12 Feb 2018 06:22:11 GMT" time="8.424" errors="0">
  <testcase name="test1" time="8.424" classname="demo.demo1.Demo1"/>
</testsuite> <!-- demo.demo1.Demo1 -->
