<?xml version="1.0" encoding="UTF-8"?>
<!-- Generated by org.testng.reporters.JUnitReportReporter -->
<testsuite hostname="ICPL11957" name="demo.demo1.Demo1" tests="1" failures="0" timestamp="14 Feb 2018 05:00:02 GMT" time="4.649" errors="0">
  <testcase name="test1" time="4.649" classname="demo.demo1.Demo1"/>
</testsuite> <!-- demo.demo1.Demo1 -->
