<?xml version="1.0" encoding="UTF-8"?>
<!-- Generated by org.testng.reporters.JUnitReportReporter -->
<testsuite hostname="ICPL11957" name="demo.demo1.Demo1" tests="1" failures="0" timestamp="13 Feb 2018 11:36:27 GMT" time="18.502" errors="0">
  <testcase name="test1" time="18.502" classname="demo.demo1.Demo1"/>
</testsuite> <!-- demo.demo1.Demo1 -->
